# JRE version: OpenJDK Runtime Environment Microsoft-11926163 (17.0.16+8) (build 17.0.16+8-LTS)
# Java VM: OpenJDK 64-Bit Server VM Microsoft-11926163 (17.0.16+8-LTS, mixed mode, sharing, tiered, compressed oops, compressed class ptrs, g1 gc, windows-amd64)
GC Precious Log:
 CPUs: 8 total, 8 available
 Memory: 8021M
 Large Page Support: Disabled
 NUMA Support: Disabled
 Compressed Oops: Enabled (32-bit)
 Heap Region Size: 1M
 Heap Min Capacity: 256M
 Heap Initial Capacity: 256M
 Heap Max Capacity: 512M
 Pre-touch: Disabled
 Parallel Workers: 8
 Concurrent Workers: 2
 Concurrent Refinement Workers: 8
 Periodic GC: Disabled
Heap:
 garbage-first heap   total 262144K, used 160451K [0x00000000e0000000, 0x0000000100000000)
  region size 1024K, 16 young (16384K), 7 survivors (7168K)
 Metaspace       used 107608K, committed 108608K, reserved 458752K
  class space    used 14812K, committed 15296K, reserved 327680K
GC Heap History (20 events):
Event: 20.191 GC heap before
{Heap before GC invocations=19 (full 0):
 garbage-first heap   total 262144K, used 213366K [0x00000000e0000000, 0x0000000100000000)
  region size 1024K, 118 young (120832K), 11 survivors (11264K)
 Metaspace       used 83393K, committed 84288K, reserved 458752K
  class space    used 11703K, committed 12160K, reserved 327680K
}
Event: 20.202 GC heap after
{Heap after GC invocations=20 (full 0):
 garbage-first heap   total 262144K, used 108041K [0x00000000e0000000, 0x0000000100000000)
  region size 1024K, 10 young (10240K), 10 survivors (10240K)
 Metaspace       used 83393K, committed 84288K, reserved 458752K
  class space    used 11703K, committed 12160K, reserved 327680K
}
Event: 21.509 GC heap before
{Heap before GC invocations=21 (full 0):
 garbage-first heap   total 262144K, used 214537K [0x00000000e0000000, 0x0000000100000000)
  region size 1024K, 115 young (117760K), 10 survivors (10240K)
 Metaspace       used 83458K, committed 84352K, reserved 458752K
  class space    used 11704K, committed 12160K, reserved 327680K
}
Event: 21.520 GC heap after
{Heap after GC invocations=22 (full 0):
 garbage-first heap   total 262144K, used 114827K [0x00000000e0000000, 0x0000000100000000)
  region size 1024K, 12 young (12288K), 12 survivors (12288K)
 Metaspace       used 83458K, committed 84352K, reserved 458752K
  class space    used 11704K, committed 12160K, reserved 327680K
}
Event: 21.542 GC heap before
{Heap before GC invocations=22 (full 0):
 garbage-first heap   total 262144K, used 115851K [0x00000000e0000000, 0x0000000100000000)
  region size 1024K, 13 young (13312K), 12 survivors (12288K)
 Metaspace       used 83463K, committed 84352K, reserved 458752K
  class space    used 11705K, committed 12160K, reserved 327680K
}
Event: 21.551 GC heap after
{Heap after GC invocations=23 (full 0):
 garbage-first heap   total 262144K, used 114888K [0x00000000e0000000, 0x0000000100000000)
  region size 1024K, 2 young (2048K), 2 survivors (2048K)
 Metaspace       used 83463K, committed 84352K, reserved 458752K
  class space    used 11705K, committed 12160K, reserved 327680K
}
Event: 22.612 GC heap before
{Heap before GC invocations=23 (full 0):
 garbage-first heap   total 262144K, used 223432K [0x00000000e0000000, 0x0000000100000000)
  region size 1024K, 101 young (103424K), 2 survivors (2048K)
 Metaspace       used 91634K, committed 92480K, reserved 458752K
  class space    used 12681K, committed 13120K, reserved 327680K
}
Event: 22.617 GC heap after
{Heap after GC invocations=24 (full 0):
 garbage-first heap   total 262144K, used 131476K [0x00000000e0000000, 0x0000000100000000)
  region size 1024K, 12 young (12288K), 12 survivors (12288K)
 Metaspace       used 91634K, committed 92480K, reserved 458752K
  class space    used 12681K, committed 13120K, reserved 327680K
}
Event: 22.709 GC heap before
{Heap before GC invocations=24 (full 0):
 garbage-first heap   total 262144K, used 137620K [0x00000000e0000000, 0x0000000100000000)
  region size 1024K, 19 young (19456K), 12 survivors (12288K)
 Metaspace       used 92092K, committed 92928K, reserved 458752K
  class space    used 12760K, committed 13184K, reserved 327680K
}
Event: 22.715 GC heap after
{Heap after GC invocations=25 (full 0):
 garbage-first heap   total 262144K, used 131902K [0x00000000e0000000, 0x0000000100000000)
  region size 1024K, 1 young (1024K), 1 survivors (1024K)
 Metaspace       used 92092K, committed 92928K, reserved 458752K
  class space    used 12760K, committed 13184K, reserved 327680K
}
Event: 24.116 GC heap before
{Heap before GC invocations=26 (full 0):
 garbage-first heap   total 262144K, used 227134K [0x00000000e0000000, 0x0000000100000000)
  region size 1024K, 88 young (90112K), 1 survivors (1024K)
 Metaspace       used 97551K, committed 98496K, reserved 458752K
  class space    used 13609K, committed 14080K, reserved 327680K
}
Event: 24.122 GC heap after
{Heap after GC invocations=27 (full 0):
 garbage-first heap   total 262144K, used 144198K [0x00000000e0000000, 0x0000000100000000)
  region size 1024K, 7 young (7168K), 7 survivors (7168K)
 Metaspace       used 97551K, committed 98496K, reserved 458752K
  class space    used 13609K, committed 14080K, reserved 327680K
}
Event: 24.164 GC heap before
{Heap before GC invocations=27 (full 0):
 garbage-first heap   total 262144K, used 149318K [0x00000000e0000000, 0x0000000100000000)
  region size 1024K, 12 young (12288K), 7 survivors (7168K)
 Metaspace       used 97763K, committed 98688K, reserved 458752K
  class space    used 13634K, committed 14080K, reserved 327680K
}
Event: 24.171 GC heap after
{Heap after GC invocations=28 (full 0):
 garbage-first heap   total 262144K, used 141803K [0x00000000e0000000, 0x0000000100000000)
  region size 1024K, 1 young (1024K), 1 survivors (1024K)
 Metaspace       used 97763K, committed 98688K, reserved 458752K
  class space    used 13634K, committed 14080K, reserved 327680K
}
Event: 25.301 GC heap before
{Heap before GC invocations=28 (full 0):
 garbage-first heap   total 262144K, used 218603K [0x00000000e0000000, 0x0000000100000000)
  region size 1024K, 76 young (77824K), 1 survivors (1024K)
 Metaspace       used 98231K, committed 99264K, reserved 458752K
  class space    used 13684K, committed 14208K, reserved 327680K
}
Event: 25.306 GC heap after
{Heap after GC invocations=29 (full 0):
 garbage-first heap   total 262144K, used 146379K [0x00000000e0000000, 0x0000000100000000)
  region size 1024K, 6 young (6144K), 6 survivors (6144K)
 Metaspace       used 98231K, committed 99264K, reserved 458752K
  class space    used 13684K, committed 14208K, reserved 327680K
}
Event: 26.121 GC heap before
{Heap before GC invocations=29 (full 0):
 garbage-first heap   total 262144K, used 218059K [0x00000000e0000000, 0x0000000100000000)
  region size 1024K, 77 young (78848K), 6 survivors (6144K)
 Metaspace       used 100787K, committed 101824K, reserved 458752K
  class space    used 14012K, committed 14528K, reserved 327680K
}
Event: 26.126 GC heap after
{Heap after GC invocations=30 (full 0):
 garbage-first heap   total 262144K, used 148454K [0x00000000e0000000, 0x0000000100000000)
  region size 1024K, 4 young (4096K), 4 survivors (4096K)
 Metaspace       used 100787K, committed 101824K, reserved 458752K
  class space    used 14012K, committed 14528K, reserved 327680K
}
Event: 26.883 GC heap before
{Heap before GC invocations=30 (full 0):
 garbage-first heap   total 262144K, used 219110K [0x00000000e0000000, 0x0000000100000000)
  region size 1024K, 74 young (75776K), 4 survivors (4096K)
 Metaspace       used 107045K, committed 108096K, reserved 458752K
  class space    used 14760K, committed 15296K, reserved 327680K
}
Event: 26.888 GC heap after
{Heap after GC invocations=31 (full 0):
 garbage-first heap   total 262144K, used 152259K [0x00000000e0000000, 0x0000000100000000)
  region size 1024K, 7 young (7168K), 7 survivors (7168K)
 Metaspace       used 107045K, committed 108096K, reserved 458752K
  class space    used 14760K, committed 15296K, reserved 327680K
}

