# JRE version: OpenJDK Runtime Environment Temurin-21.0.10+7 (21.0.10+7) (build 21.0.10+7-LTS)
# Java VM: OpenJDK 64-Bit Server VM Temurin-21.0.10+7 (21.0.10+7-LTS, mixed mode, sharing, tiered, compressed oops, compressed class ptrs, g1 gc, windows-amd64)
GC Precious Log:
 CardTable entry size: 512
 Card Set container configuration: InlinePtr #cards 5 size 8 Array Of Cards #cards 12 size 40 Howl #buckets 4 coarsen threshold 1843 Howl Bitmap #cards 512 size 80 coarsen threshold 460 Card regions per heap region 1 cards per card region 2048
 CPUs: 8 total, 8 available
 Memory: 8021M
 Large Page Support: Disabled
 NUMA Support: Disabled
 Compressed Oops: Enabled (32-bit)
 Heap Region Size: 1M
 Heap Min Capacity: 256M
 Heap Initial Capacity: 256M
 Heap Max Capacity: 512M
 Pre-touch: Disabled
 Parallel Workers: 8
 Concurrent Workers: 2
 Concurrent Refinement Workers: 8
 Periodic GC: Disabled
Heap:
 garbage-first heap   total 262144K, used 87588K [0x00000000e0000000, 0x0000000100000000)
  region size 1024K, 13 young (13312K), 8 survivors (8192K)
 Metaspace       used 89874K, committed 92352K, reserved 458752K
  class space    used 12584K, committed 13824K, reserved 327680K
GC Heap History (20 events):
Event: 31.338 GC heap before
{Heap before GC invocations=5 (full 0):
 garbage-first heap   total 262144K, used 155081K [0x00000000e0000000, 0x0000000100000000)
  region size 1024K, 140 young (143360K), 12 survivors (12288K)
 Metaspace       used 34942K, committed 35968K, reserved 393216K
  class space    used 4912K, committed 5440K, reserved 327680K
}
Event: 31.352 GC heap after
{Heap after GC invocations=6 (full 0):
 garbage-first heap   total 262144K, used 32652K [0x00000000e0000000, 0x0000000100000000)
  region size 1024K, 15 young (15360K), 15 survivors (15360K)
 Metaspace       used 34942K, committed 35968K, reserved 393216K
  class space    used 4912K, committed 5440K, reserved 327680K
}
Event: 38.162 GC heap before
{Heap before GC invocations=7 (full 0):
 garbage-first heap   total 262144K, used 173964K [0x00000000e0000000, 0x0000000100000000)
  region size 1024K, 153 young (156672K), 15 survivors (15360K)
 Metaspace       used 51675K, committed 53312K, reserved 393216K
  class space    used 7552K, committed 8384K, reserved 327680K
}
Event: 38.181 GC heap after
{Heap after GC invocations=8 (full 0):
 garbage-first heap   total 262144K, used 41461K [0x00000000e0000000, 0x0000000100000000)
  region size 1024K, 18 young (18432K), 18 survivors (18432K)
 Metaspace       used 51675K, committed 53312K, reserved 393216K
  class space    used 7552K, committed 8384K, reserved 327680K
}
Event: 45.416 GC heap before
{Heap before GC invocations=8 (full 0):
 garbage-first heap   total 262144K, used 137717K [0x00000000e0000000, 0x0000000100000000)
  region size 1024K, 107 young (109568K), 18 survivors (18432K)
 Metaspace       used 58195K, committed 60096K, reserved 393216K
  class space    used 8452K, committed 9408K, reserved 327680K
}
Event: 45.435 GC heap after
{Heap after GC invocations=9 (full 0):
 garbage-first heap   total 262144K, used 54632K [0x00000000e0000000, 0x0000000100000000)
  region size 1024K, 17 young (17408K), 17 survivors (17408K)
 Metaspace       used 58195K, committed 60096K, reserved 393216K
  class space    used 8452K, committed 9408K, reserved 327680K
}
Event: 53.355 GC heap before
{Heap before GC invocations=10 (full 0):
 garbage-first heap   total 262144K, used 193896K [0x00000000e0000000, 0x0000000100000000)
  region size 1024K, 153 young (156672K), 17 survivors (17408K)
 Metaspace       used 67626K, committed 69632K, reserved 393216K
  class space    used 9888K, committed 10880K, reserved 327680K
}
Event: 53.369 GC heap after
{Heap after GC invocations=11 (full 0):
 garbage-first heap   total 262144K, used 58184K [0x00000000e0000000, 0x0000000100000000)
  region size 1024K, 15 young (15360K), 15 survivors (15360K)
 Metaspace       used 67626K, committed 69632K, reserved 393216K
  class space    used 9888K, committed 10880K, reserved 327680K
}
Event: 65.379 GC heap before
{Heap before GC invocations=11 (full 0):
 garbage-first heap   total 262144K, used 199496K [0x00000000e0000000, 0x0000000100000000)
  region size 1024K, 153 young (156672K), 15 survivors (15360K)
 Metaspace       used 74735K, committed 76992K, reserved 458752K
  class space    used 10888K, committed 12032K, reserved 327680K
}
Event: 65.396 GC heap after
{Heap after GC invocations=12 (full 0):
 garbage-first heap   total 262144K, used 63266K [0x00000000e0000000, 0x0000000100000000)
  region size 1024K, 15 young (15360K), 15 survivors (15360K)
 Metaspace       used 74735K, committed 76992K, reserved 458752K
  class space    used 10888K, committed 12032K, reserved 327680K
}
Event: 75.401 GC heap before
{Heap before GC invocations=12 (full 0):
 garbage-first heap   total 262144K, used 208674K [0x00000000e0000000, 0x0000000100000000)
  region size 1024K, 153 young (156672K), 15 survivors (15360K)
 Metaspace       used 83889K, committed 86144K, reserved 458752K
  class space    used 12014K, committed 13120K, reserved 327680K
}
Event: 75.430 GC heap after
{Heap after GC invocations=13 (full 0):
 garbage-first heap   total 262144K, used 78568K [0x00000000e0000000, 0x0000000100000000)
  region size 1024K, 20 young (20480K), 20 survivors (20480K)
 Metaspace       used 83889K, committed 86144K, reserved 458752K
  class space    used 12014K, committed 13120K, reserved 327680K
}
Event: 107.765 GC heap before
{Heap before GC invocations=13 (full 0):
 garbage-first heap   total 262144K, used 213736K [0x00000000e0000000, 0x0000000100000000)
  region size 1024K, 153 young (156672K), 20 survivors (20480K)
 Metaspace       used 87234K, committed 89600K, reserved 458752K
  class space    used 12412K, committed 13568K, reserved 327680K
}
Event: 107.784 GC heap after
{Heap after GC invocations=14 (full 0):
 garbage-first heap   total 262144K, used 82069K [0x00000000e0000000, 0x0000000100000000)
  region size 1024K, 7 young (7168K), 7 survivors (7168K)
 Metaspace       used 87234K, committed 89600K, reserved 458752K
  class space    used 12412K, committed 13568K, reserved 327680K
}
Event: 200.562 GC heap before
{Heap before GC invocations=14 (full 0):
 garbage-first heap   total 262144K, used 228501K [0x00000000e0000000, 0x0000000100000000)
  region size 1024K, 151 young (154624K), 7 survivors (7168K)
 Metaspace       used 88728K, committed 91136K, reserved 458752K
  class space    used 12536K, committed 13760K, reserved 327680K
}
Event: 200.623 GC heap after
{Heap after GC invocations=15 (full 0):
 garbage-first heap   total 262144K, used 80380K [0x00000000e0000000, 0x0000000100000000)
  region size 1024K, 5 young (5120K), 5 survivors (5120K)
 Metaspace       used 88728K, committed 91136K, reserved 458752K
  class space    used 12536K, committed 13760K, reserved 327680K
}
Event: 243.998 GC heap before
{Heap before GC invocations=15 (full 0):
 garbage-first heap   total 262144K, used 230908K [0x00000000e0000000, 0x0000000100000000)
  region size 1024K, 153 young (156672K), 5 survivors (5120K)
 Metaspace       used 89468K, committed 91968K, reserved 458752K
  class space    used 12577K, committed 13824K, reserved 327680K
}
Event: 244.008 GC heap after
{Heap after GC invocations=16 (full 0):
 garbage-first heap   total 262144K, used 82202K [0x00000000e0000000, 0x0000000100000000)
  region size 1024K, 7 young (7168K), 7 survivors (7168K)
 Metaspace       used 89468K, committed 91968K, reserved 458752K
  class space    used 12577K, committed 13824K, reserved 327680K
}
Event: 246.263 GC heap before
{Heap before GC invocations=16 (full 0):
 garbage-first heap   total 262144K, used 203034K [0x00000000e0000000, 0x0000000100000000)
  region size 1024K, 126 young (129024K), 7 survivors (7168K)
 Metaspace       used 89857K, committed 92288K, reserved 458752K
  class space    used 12584K, committed 13824K, reserved 327680K
}
Event: 246.281 GC heap after
{Heap after GC invocations=17 (full 0):
 garbage-first heap   total 262144K, used 83492K [0x00000000e0000000, 0x0000000100000000)
  region size 1024K, 8 young (8192K), 8 survivors (8192K)
 Metaspace       used 89857K, committed 92288K, reserved 458752K
  class space    used 12584K, committed 13824K, reserved 327680K
}

