# JRE version: OpenJDK Runtime Environment Microsoft-11926163 (17.0.16+8) (build 17.0.16+8-LTS)
# Java VM: OpenJDK 64-Bit Server VM Microsoft-11926163 (17.0.16+8-LTS, mixed mode, sharing, tiered, compressed oops, compressed class ptrs, g1 gc, windows-amd64)
GC Precious Log:
 CPUs: 8 total, 8 available
 Memory: 8021M
 Large Page Support: Disabled
 NUMA Support: Disabled
 Compressed Oops: Enabled (32-bit)
 Heap Region Size: 1M
 Heap Min Capacity: 256M
 Heap Initial Capacity: 256M
 Heap Max Capacity: 512M
 Pre-touch: Disabled
 Parallel Workers: 8
 Concurrent Workers: 2
 Concurrent Refinement Workers: 8
 Periodic GC: Disabled
Heap:
 garbage-first heap   total 365568K, used 310321K [0x00000000e0000000, 0x0000000100000000)
  region size 1024K, 120 young (122880K), 9 survivors (9216K)
 Metaspace       used 177292K, committed 178880K, reserved 524288K
  class space    used 24392K, committed 25152K, reserved 327680K
GC Heap History (20 events):
Event: 44.175 GC heap after
{Heap after GC invocations=51 (full 0):
 garbage-first heap   total 278528K, used 184024K [0x00000000e0000000, 0x0000000100000000)
  region size 1024K, 6 young (6144K), 6 survivors (6144K)
 Metaspace       used 150476K, committed 151936K, reserved 458752K
  class space    used 20752K, committed 21504K, reserved 327680K
}
Event: 44.576 GC heap before
{Heap before GC invocations=51 (full 0):
 garbage-first heap   total 278528K, used 239320K [0x00000000e0000000, 0x0000000100000000)
  region size 1024K, 60 young (61440K), 6 survivors (6144K)
 Metaspace       used 152446K, committed 153920K, reserved 524288K
  class space    used 21080K, committed 21824K, reserved 327680K
}
Event: 44.583 GC heap after
{Heap after GC invocations=52 (full 0):
 garbage-first heap   total 278528K, used 186067K [0x00000000e0000000, 0x0000000100000000)
  region size 1024K, 5 young (5120K), 5 survivors (5120K)
 Metaspace       used 152446K, committed 153920K, reserved 524288K
  class space    used 21080K, committed 21824K, reserved 327680K
}
Event: 44.916 GC heap before
{Heap before GC invocations=52 (full 0):
 garbage-first heap   total 278528K, used 240339K [0x00000000e0000000, 0x0000000100000000)
  region size 1024K, 58 young (59392K), 5 survivors (5120K)
 Metaspace       used 152988K, committed 154496K, reserved 524288K
  class space    used 21149K, committed 21888K, reserved 327680K
}
Event: 44.922 GC heap after
{Heap after GC invocations=53 (full 0):
 garbage-first heap   total 278528K, used 187491K [0x00000000e0000000, 0x0000000100000000)
  region size 1024K, 4 young (4096K), 4 survivors (4096K)
 Metaspace       used 152988K, committed 154496K, reserved 524288K
  class space    used 21149K, committed 21888K, reserved 327680K
}
Event: 45.828 GC heap before
{Heap before GC invocations=53 (full 0):
 garbage-first heap   total 278528K, used 239715K [0x00000000e0000000, 0x0000000100000000)
  region size 1024K, 56 young (57344K), 4 survivors (4096K)
 Metaspace       used 153133K, committed 154624K, reserved 524288K
  class space    used 21174K, committed 21888K, reserved 327680K
}
Event: 45.834 GC heap after
{Heap after GC invocations=54 (full 0):
 garbage-first heap   total 278528K, used 193491K [0x00000000e0000000, 0x0000000100000000)
  region size 1024K, 7 young (7168K), 7 survivors (7168K)
 Metaspace       used 153133K, committed 154624K, reserved 524288K
  class space    used 21174K, committed 21888K, reserved 327680K
}
Event: 46.217 GC heap before
{Heap before GC invocations=54 (full 0):
 garbage-first heap   total 278528K, used 237523K [0x00000000e0000000, 0x0000000100000000)
  region size 1024K, 51 young (52224K), 7 survivors (7168K)
 Metaspace       used 153135K, committed 154624K, reserved 524288K
  class space    used 21174K, committed 21888K, reserved 327680K
}
Event: 46.224 GC heap after
{Heap after GC invocations=55 (full 0):
 garbage-first heap   total 278528K, used 195308K [0x00000000e0000000, 0x0000000100000000)
  region size 1024K, 3 young (3072K), 3 survivors (3072K)
 Metaspace       used 153135K, committed 154624K, reserved 524288K
  class space    used 21174K, committed 21888K, reserved 327680K
}
Event: 46.560 GC heap before
{Heap before GC invocations=56 (full 0):
 garbage-first heap   total 365568K, used 229100K [0x00000000e0000000, 0x0000000100000000)
  region size 1024K, 39 young (39936K), 3 survivors (3072K)
 Metaspace       used 153982K, committed 155520K, reserved 524288K
  class space    used 21278K, committed 22016K, reserved 327680K
}
Event: 46.563 GC heap after
{Heap after GC invocations=57 (full 0):
 garbage-first heap   total 365568K, used 194395K [0x00000000e0000000, 0x0000000100000000)
  region size 1024K, 4 young (4096K), 4 survivors (4096K)
 Metaspace       used 153982K, committed 155520K, reserved 524288K
  class space    used 21278K, committed 22016K, reserved 327680K
}
Event: 46.668 GC heap before
{Heap before GC invocations=57 (full 0):
 garbage-first heap   total 365568K, used 206683K [0x00000000e0000000, 0x0000000100000000)
  region size 1024K, 17 young (17408K), 4 survivors (4096K)
 Metaspace       used 155283K, committed 156800K, reserved 524288K
  class space    used 21466K, committed 22208K, reserved 327680K
}
Event: 46.676 GC heap after
{Heap after GC invocations=58 (full 0):
 garbage-first heap   total 365568K, used 179390K [0x00000000e0000000, 0x0000000100000000)
  region size 1024K, 1 young (1024K), 1 survivors (1024K)
 Metaspace       used 155283K, committed 156800K, reserved 524288K
  class space    used 21466K, committed 22208K, reserved 327680K
}
Event: 47.636 GC heap before
{Heap before GC invocations=58 (full 0):
 garbage-first heap   total 365568K, used 308414K [0x00000000e0000000, 0x0000000100000000)
  region size 1024K, 127 young (130048K), 1 survivors (1024K)
 Metaspace       used 164301K, committed 165824K, reserved 524288K
  class space    used 22588K, committed 23360K, reserved 327680K
}
Event: 47.642 GC heap after
{Heap after GC invocations=59 (full 0):
 garbage-first heap   total 365568K, used 186261K [0x00000000e0000000, 0x0000000100000000)
  region size 1024K, 8 young (8192K), 8 survivors (8192K)
 Metaspace       used 164301K, committed 165824K, reserved 524288K
  class space    used 22588K, committed 23360K, reserved 327680K
}
Event: 48.567 GC heap before
{Heap before GC invocations=59 (full 0):
 garbage-first heap   total 365568K, used 307093K [0x00000000e0000000, 0x0000000100000000)
  region size 1024K, 126 young (129024K), 8 survivors (8192K)
 Metaspace       used 171814K, committed 173312K, reserved 524288K
  class space    used 23770K, committed 24512K, reserved 327680K
}
Event: 48.575 GC heap after
{Heap after GC invocations=60 (full 0):
 garbage-first heap   total 365568K, used 192800K [0x00000000e0000000, 0x0000000100000000)
  region size 1024K, 14 young (14336K), 14 survivors (14336K)
 Metaspace       used 171814K, committed 173312K, reserved 524288K
  class space    used 23770K, committed 24512K, reserved 327680K
}
Event: 50.908 GC heap before
{Heap before GC invocations=60 (full 0):
 garbage-first heap   total 365568K, used 308512K [0x00000000e0000000, 0x0000000100000000)
  region size 1024K, 127 young (130048K), 14 survivors (14336K)
 Metaspace       used 172854K, committed 174400K, reserved 524288K
  class space    used 23880K, committed 24640K, reserved 327680K
}
Event: 50.919 GC heap after
{Heap after GC invocations=61 (full 0):
 garbage-first heap   total 365568K, used 196657K [0x00000000e0000000, 0x0000000100000000)
  region size 1024K, 11 young (11264K), 11 survivors (11264K)
 Metaspace       used 172854K, committed 174400K, reserved 524288K
  class space    used 23880K, committed 24640K, reserved 327680K
}
Event: 51.563 GC heap before
{Heap before GC invocations=61 (full 0):
 garbage-first heap   total 365568K, used 309297K [0x00000000e0000000, 0x0000000100000000)
  region size 1024K, 122 young (124928K), 11 survivors (11264K)
 Metaspace       used 177292K, committed 178880K, reserved 524288K
  class space    used 24392K, committed 25152K, reserved 327680K
}

