# JRE version: OpenJDK Runtime Environment Microsoft-11926163 (17.0.16+8) (build 17.0.16+8-LTS)
# Java VM: OpenJDK 64-Bit Server VM Microsoft-11926163 (17.0.16+8-LTS, mixed mode, sharing, tiered, compressed oops, compressed class ptrs, g1 gc, windows-amd64)
GC Precious Log:
 CPUs: 8 total, 8 available
 Memory: 8021M
 Large Page Support: Disabled
 NUMA Support: Disabled
 Compressed Oops: Enabled (32-bit)
 Heap Region Size: 1M
 Heap Min Capacity: 256M
 Heap Initial Capacity: 256M
 Heap Max Capacity: 512M
 Pre-touch: Disabled
 Parallel Workers: 8
 Concurrent Workers: 2
 Concurrent Refinement Workers: 8
 Periodic GC: Disabled
Heap:
 garbage-first heap   total 262144K, used 194749K [0x00000000e0000000, 0x0000000100000000)
  region size 1024K, 148 young (151552K), 15 survivors (15360K)
 Metaspace       used 54487K, committed 55168K, reserved 393216K
  class space    used 7488K, committed 7808K, reserved 327680K
GC Heap History (15 events):
Event: 0.511 GC heap before
{Heap before GC invocations=0 (full 0):
 garbage-first heap   total 262144K, used 26624K [0x00000000e0000000, 0x0000000100000000)
  region size 1024K, 23 young (23552K), 0 survivors (0K)
 Metaspace       used 1101K, committed 1216K, reserved 393216K
  class space    used 72K, committed 128K, reserved 327680K
}
Event: 0.514 GC heap after
{Heap after GC invocations=1 (full 0):
 garbage-first heap   total 262144K, used 10032K [0x00000000e0000000, 0x0000000100000000)
  region size 1024K, 3 young (3072K), 3 survivors (3072K)
 Metaspace       used 1101K, committed 1216K, reserved 393216K
  class space    used 72K, committed 128K, reserved 327680K
}
Event: 1.320 GC heap before
{Heap before GC invocations=1 (full 0):
 garbage-first heap   total 262144K, used 39728K [0x00000000e0000000, 0x0000000100000000)
  region size 1024K, 32 young (32768K), 3 survivors (3072K)
 Metaspace       used 4295K, committed 4480K, reserved 393216K
  class space    used 535K, committed 640K, reserved 327680K
}
Event: 1.324 GC heap after
{Heap after GC invocations=2 (full 0):
 garbage-first heap   total 262144K, used 11748K [0x00000000e0000000, 0x0000000100000000)
  region size 1024K, 2 young (2048K), 2 survivors (2048K)
 Metaspace       used 4295K, committed 4480K, reserved 393216K
  class space    used 535K, committed 640K, reserved 327680K
}
Event: 2.479 GC heap before
{Heap before GC invocations=2 (full 0):
 garbage-first heap   total 262144K, used 76260K [0x00000000e0000000, 0x0000000100000000)
  region size 1024K, 63 young (64512K), 2 survivors (2048K)
 Metaspace       used 9745K, committed 9920K, reserved 393216K
  class space    used 1276K, committed 1344K, reserved 327680K
}
Event: 2.484 GC heap after
{Heap after GC invocations=3 (full 0):
 garbage-first heap   total 262144K, used 19807K [0x00000000e0000000, 0x0000000100000000)
  region size 1024K, 8 young (8192K), 8 survivors (8192K)
 Metaspace       used 9745K, committed 9920K, reserved 393216K
  class space    used 1276K, committed 1344K, reserved 327680K
}
Event: 3.958 GC heap before
{Heap before GC invocations=3 (full 0):
 garbage-first heap   total 262144K, used 104799K [0x00000000e0000000, 0x0000000100000000)
  region size 1024K, 92 young (94208K), 8 survivors (8192K)
 Metaspace       used 21147K, committed 21504K, reserved 393216K
  class space    used 3091K, committed 3264K, reserved 327680K
}
Event: 3.969 GC heap after
{Heap after GC invocations=4 (full 0):
 garbage-first heap   total 262144K, used 24582K [0x00000000e0000000, 0x0000000100000000)
  region size 1024K, 13 young (13312K), 13 survivors (13312K)
 Metaspace       used 21147K, committed 21504K, reserved 393216K
  class space    used 3091K, committed 3264K, reserved 327680K
}
Event: 5.876 GC heap before
{Heap before GC invocations=5 (full 0):
 garbage-first heap   total 262144K, used 126982K [0x00000000e0000000, 0x0000000100000000)
  region size 1024K, 115 young (117760K), 13 survivors (13312K)
 Metaspace       used 35516K, committed 35968K, reserved 393216K
  class space    used 5033K, committed 5248K, reserved 327680K
}
Event: 5.888 GC heap after
{Heap after GC invocations=6 (full 0):
 garbage-first heap   total 262144K, used 32583K [0x00000000e0000000, 0x0000000100000000)
  region size 1024K, 13 young (13312K), 13 survivors (13312K)
 Metaspace       used 35516K, committed 35968K, reserved 393216K
  class space    used 5033K, committed 5248K, reserved 327680K
}
Event: 9.126 GC heap before
{Heap before GC invocations=7 (full 0):
 garbage-first heap   total 262144K, used 182087K [0x00000000e0000000, 0x0000000100000000)
  region size 1024K, 153 young (156672K), 13 survivors (13312K)
 Metaspace       used 46052K, committed 46720K, reserved 393216K
  class space    used 6402K, committed 6720K, reserved 327680K
}
Event: 9.139 GC heap after
{Heap after GC invocations=8 (full 0):
 garbage-first heap   total 262144K, used 42034K [0x00000000e0000000, 0x0000000100000000)
  region size 1024K, 18 young (18432K), 18 survivors (18432K)
 Metaspace       used 46052K, committed 46720K, reserved 393216K
  class space    used 6402K, committed 6720K, reserved 327680K
}
Event: 11.431 GC heap before
{Heap before GC invocations=8 (full 0):
 garbage-first heap   total 262144K, used 179250K [0x00000000e0000000, 0x0000000100000000)
  region size 1024K, 153 young (156672K), 18 survivors (18432K)
 Metaspace       used 50788K, committed 51456K, reserved 393216K
  class space    used 7011K, committed 7360K, reserved 327680K
}
Event: 11.447 GC heap after
{Heap after GC invocations=9 (full 0):
 garbage-first heap   total 262144K, used 51389K [0x00000000e0000000, 0x0000000100000000)
  region size 1024K, 20 young (20480K), 20 survivors (20480K)
 Metaspace       used 50788K, committed 51456K, reserved 393216K
  class space    used 7011K, committed 7360K, reserved 327680K
}
Event: 13.564 GC heap before
{Heap before GC invocations=9 (full 0):
 garbage-first heap   total 262144K, used 193725K [0x00000000e0000000, 0x0000000100000000)
  region size 1024K, 153 young (156672K), 20 survivors (20480K)
 Metaspace       used 54487K, committed 55168K, reserved 393216K
  class space    used 7488K, committed 7808K, reserved 327680K
}

