# JRE version: OpenJDK Runtime Environment Microsoft-11926163 (17.0.16+8) (build 17.0.16+8-LTS)
# Java VM: OpenJDK 64-Bit Server VM Microsoft-11926163 (17.0.16+8-LTS, mixed mode, sharing, tiered, compressed oops, compressed class ptrs, g1 gc, windows-amd64)
GC Precious Log:
 CPUs: 8 total, 8 available
 Memory: 8021M
 Large Page Support: Disabled
 NUMA Support: Disabled
 Compressed Oops: Enabled (32-bit)
 Heap Region Size: 1M
 Heap Min Capacity: 256M
 Heap Initial Capacity: 256M
 Heap Max Capacity: 512M
 Pre-touch: Disabled
 Parallel Workers: 8
 Concurrent Workers: 2
 Concurrent Refinement Workers: 8
 Periodic GC: Disabled
Heap:
 garbage-first heap   total 318464K, used 188218K [0x00000000e0000000, 0x0000000100000000)
  region size 1024K, 18 young (18432K), 11 survivors (11264K)
 Metaspace       used 199980K, committed 201472K, reserved 524288K
  class space    used 27559K, committed 28288K, reserved 327680K
GC Heap History (20 events):
Event: 423.180 GC heap before
{Heap before GC invocations=57 (full 0):
 garbage-first heap   total 318464K, used 216585K [0x00000000e0000000, 0x0000000100000000)
  region size 1024K, 68 young (69632K), 11 survivors (11264K)
 Metaspace       used 163037K, committed 164480K, reserved 524288K
  class space    used 22458K, committed 23104K, reserved 327680K
}
Event: 423.207 GC heap after
{Heap after GC invocations=58 (full 0):
 garbage-first heap   total 318464K, used 160273K [0x00000000e0000000, 0x0000000100000000)
  region size 1024K, 3 young (3072K), 3 survivors (3072K)
 Metaspace       used 163037K, committed 164480K, reserved 524288K
  class space    used 22458K, committed 23104K, reserved 327680K
}
Event: 423.580 GC heap before
{Heap before GC invocations=58 (full 0):
 garbage-first heap   total 318464K, used 171537K [0x00000000e0000000, 0x0000000100000000)
  region size 1024K, 15 young (15360K), 3 survivors (3072K)
 Metaspace       used 164260K, committed 165696K, reserved 524288K
  class space    used 22595K, committed 23232K, reserved 327680K
}
Event: 423.601 GC heap after
{Heap after GC invocations=59 (full 0):
 garbage-first heap   total 318464K, used 154534K [0x00000000e0000000, 0x0000000100000000)
  region size 1024K, 2 young (2048K), 2 survivors (2048K)
 Metaspace       used 164260K, committed 165696K, reserved 524288K
  class space    used 22595K, committed 23232K, reserved 327680K
}
Event: 428.048 GC heap before
{Heap before GC invocations=59 (full 0):
 garbage-first heap   total 318464K, used 268198K [0x00000000e0000000, 0x0000000100000000)
  region size 1024K, 113 young (115712K), 2 survivors (2048K)
 Metaspace       used 172094K, committed 173568K, reserved 524288K
  class space    used 23583K, committed 24256K, reserved 327680K
}
Event: 428.145 GC heap after
{Heap after GC invocations=60 (full 0):
 garbage-first heap   total 318464K, used 160843K [0x00000000e0000000, 0x0000000100000000)
  region size 1024K, 8 young (8192K), 8 survivors (8192K)
 Metaspace       used 172094K, committed 173568K, reserved 524288K
  class space    used 23583K, committed 24256K, reserved 327680K
}
Event: 436.915 GC heap before
{Heap before GC invocations=60 (full 0):
 garbage-first heap   total 318464K, used 267339K [0x00000000e0000000, 0x0000000100000000)
  region size 1024K, 112 young (114688K), 8 survivors (8192K)
 Metaspace       used 178511K, committed 179968K, reserved 524288K
  class space    used 24612K, committed 25280K, reserved 327680K
}
Event: 436.924 GC heap after
{Heap after GC invocations=61 (full 0):
 garbage-first heap   total 318464K, used 166820K [0x00000000e0000000, 0x0000000100000000)
  region size 1024K, 13 young (13312K), 13 survivors (13312K)
 Metaspace       used 178511K, committed 179968K, reserved 524288K
  class space    used 24612K, committed 25280K, reserved 327680K
}
Event: 446.653 GC heap before
{Heap before GC invocations=61 (full 0):
 garbage-first heap   total 318464K, used 267172K [0x00000000e0000000, 0x0000000100000000)
  region size 1024K, 111 young (113664K), 13 survivors (13312K)
 Metaspace       used 180525K, committed 182016K, reserved 524288K
  class space    used 24870K, committed 25600K, reserved 327680K
}
Event: 446.665 GC heap after
{Heap after GC invocations=62 (full 0):
 garbage-first heap   total 318464K, used 171667K [0x00000000e0000000, 0x0000000100000000)
  region size 1024K, 11 young (11264K), 11 survivors (11264K)
 Metaspace       used 180525K, committed 182016K, reserved 524288K
  class space    used 24870K, committed 25600K, reserved 327680K
}
Event: 449.105 GC heap before
{Heap before GC invocations=63 (full 0):
 garbage-first heap   total 318464K, used 267923K [0x00000000e0000000, 0x0000000100000000)
  region size 1024K, 106 young (108544K), 11 survivors (11264K)
 Metaspace       used 180776K, committed 182208K, reserved 524288K
  class space    used 24908K, committed 25600K, reserved 327680K
}
Event: 449.116 GC heap after
{Heap after GC invocations=64 (full 0):
 garbage-first heap   total 318464K, used 175344K [0x00000000e0000000, 0x0000000100000000)
  region size 1024K, 9 young (9216K), 9 survivors (9216K)
 Metaspace       used 180776K, committed 182208K, reserved 524288K
  class space    used 24908K, committed 25600K, reserved 327680K
}
Event: 449.225 GC heap before
{Heap before GC invocations=64 (full 0):
 garbage-first heap   total 318464K, used 180464K [0x00000000e0000000, 0x0000000100000000)
  region size 1024K, 15 young (15360K), 9 survivors (9216K)
 Metaspace       used 181339K, committed 182784K, reserved 524288K
  class space    used 24968K, committed 25664K, reserved 327680K
}
Event: 449.242 GC heap after
{Heap after GC invocations=65 (full 0):
 garbage-first heap   total 318464K, used 168123K [0x00000000e0000000, 0x0000000100000000)
  region size 1024K, 2 young (2048K), 2 survivors (2048K)
 Metaspace       used 181339K, committed 182784K, reserved 524288K
  class space    used 24968K, committed 25664K, reserved 327680K
}
Event: 451.288 GC heap before
{Heap before GC invocations=65 (full 0):
 garbage-first heap   total 318464K, used 268475K [0x00000000e0000000, 0x0000000100000000)
  region size 1024K, 100 young (102400K), 2 survivors (2048K)
 Metaspace       used 189891K, committed 191296K, reserved 524288K
  class space    used 26009K, committed 26688K, reserved 327680K
}
Event: 451.292 GC heap after
{Heap after GC invocations=66 (full 0):
 garbage-first heap   total 318464K, used 171579K [0x00000000e0000000, 0x0000000100000000)
  region size 1024K, 5 young (5120K), 5 survivors (5120K)
 Metaspace       used 189891K, committed 191296K, reserved 524288K
  class space    used 26009K, committed 26688K, reserved 327680K
}
Event: 456.698 GC heap before
{Heap before GC invocations=66 (full 0):
 garbage-first heap   total 318464K, used 269883K [0x00000000e0000000, 0x0000000100000000)
  region size 1024K, 101 young (103424K), 5 survivors (5120K)
 Metaspace       used 195756K, committed 197248K, reserved 524288K
  class space    used 26994K, committed 27712K, reserved 327680K
}
Event: 456.706 GC heap after
{Heap after GC invocations=67 (full 0):
 garbage-first heap   total 318464K, used 177625K [0x00000000e0000000, 0x0000000100000000)
  region size 1024K, 11 young (11264K), 11 survivors (11264K)
 Metaspace       used 195756K, committed 197248K, reserved 524288K
  class space    used 26994K, committed 27712K, reserved 327680K
}
Event: 459.190 GC heap before
{Heap before GC invocations=67 (full 0):
 garbage-first heap   total 318464K, used 268761K [0x00000000e0000000, 0x0000000100000000)
  region size 1024K, 100 young (102400K), 11 survivors (11264K)
 Metaspace       used 199977K, committed 201472K, reserved 524288K
  class space    used 27559K, committed 28288K, reserved 327680K
}
Event: 459.199 GC heap after
{Heap after GC invocations=68 (full 0):
 garbage-first heap   total 318464K, used 182074K [0x00000000e0000000, 0x0000000100000000)
  region size 1024K, 11 young (11264K), 11 survivors (11264K)
 Metaspace       used 199977K, committed 201472K, reserved 524288K
  class space    used 27559K, committed 28288K, reserved 327680K
}

